<?xml version="1.0" encoding="UTF-8"?>
<!-- Generated by org.testng.reporters.JUnitReportReporter -->
<testsuite hostname="TIBCO-R913PSR4" failures="0" tests="1" name="com.inet.practice.testCases.StaticWebTableTest" time="9.184" errors="0" timestamp="18 Nov 2023 04:01:29 GMT">
  <testcase classname="com.inet.practice.testCases.StaticWebTableTest" name="WebTableCasestest" time="9.184"/>
</testsuite> <!-- com.inet.practice.testCases.StaticWebTableTest -->
