<?xml version="1.0" encoding="UTF-8"?>
<!-- Generated by org.testng.reporters.JUnitReportReporter -->
<testsuite hostname="TIBCO-R913PSR4" failures="0" tests="1" name="com.inet.saucelabs.testCases.SauceDemoPlaceorderTest" time="12.991" errors="0" timestamp="2024-07-02T17:09:49 IST" skipped="0">
  <testcase classname="com.inet.saucelabs.testCases.SauceDemoPlaceorderTest" name="placeOrder" time="12.991"/>
  <system-out/>
</testsuite> <!-- com.inet.saucelabs.testCases.SauceDemoPlaceorderTest -->
