<?xml version="1.0" encoding="UTF-8"?>
<!-- Generated by org.testng.reporters.JUnitReportReporter -->
<testsuite hostname="TIBCO-R913PSR4" failures="0" tests="1" name="com.inet.practice.testCases.AddItemToCartTest" time="7.693" errors="0" timestamp="2024-04-24T16:22:03 IST" skipped="0">
  <testcase classname="com.inet.practice.testCases.AddItemToCartTest" name="checklockeduserError" time="7.693"/>
  <system-out/>
</testsuite> <!-- com.inet.practice.testCases.AddItemToCartTest -->
