<?xml version="1.0" encoding="UTF-8"?>
<!-- Generated by org.testng.reporters.JUnitReportReporter -->
<testsuite hostname="TIBCO-R913PSR4" failures="0" tests="1" name="com.inet.practice.testCases.LockedOutUserTest" time="9.754" errors="0" timestamp="2024-04-23T10:38:35 IST" skipped="0">
  <testcase classname="com.inet.practice.testCases.LockedOutUserTest" name="checklockeduserError" time="9.754"/>
  <system-out/>
</testsuite> <!-- com.inet.practice.testCases.LockedOutUserTest -->
