<?xml version="1.0" encoding="UTF-8"?>
<!-- Generated by org.testng.reporters.JUnitReportReporter -->
<testsuite hostname="TIBCO-R913PSR4" failures="0" tests="1" name="com.inet.practice.testCases.GoogleSearchTest" time="20.778" errors="0" timestamp="2024-04-22T11:53:58 IST" skipped="0">
  <testcase classname="com.inet.practice.testCases.GoogleSearchTest" name="test1" time="20.778"/>
  <system-out/>
</testsuite> <!-- com.inet.practice.testCases.GoogleSearchTest -->
