<?xml version="1.0" encoding="UTF-8"?>
<!-- Generated by org.testng.reporters.JUnitReportReporter -->
<testsuite hostname="TIBCO-R913PSR4" failures="0" tests="1" name="com.inet.practice.testCases.SauceDemoPlaceorderTest" time="8.584" errors="0" timestamp="2024-04-25T12:47:30 IST" skipped="0">
  <testcase classname="com.inet.practice.testCases.SauceDemoPlaceorderTest" name="placeOrder" time="8.584"/>
  <system-out/>
</testsuite> <!-- com.inet.practice.testCases.SauceDemoPlaceorderTest -->
