<?xml version="1.0" encoding="UTF-8"?>
<!-- Generated by org.testng.reporters.JUnitReportReporter -->
<testsuite hostname="TIBCO-R913PSR4" failures="0" tests="1" name="com.inet.saucelabs.testCases.LockedOutUserTest" time="0.664" errors="0" timestamp="2024-05-02T14:31:30 IST" skipped="0">
  <testcase classname="com.inet.saucelabs.testCases.LockedOutUserTest" name="checklockeduserError" time="0.664"/>
  <system-out/>
</testsuite> <!-- com.inet.saucelabs.testCases.LockedOutUserTest -->
