<?xml version="1.0" encoding="UTF-8"?>
<!-- Generated by org.testng.reporters.JUnitReportReporter -->
<testsuite hostname="TIBCO-R913PSR4" failures="0" tests="1" name="com.inet.practice.testCases.ToolTipTest" time="13.241" errors="0" timestamp="18 Nov 2023 07:17:42 GMT">
  <testcase classname="com.inet.practice.testCases.ToolTipTest" name="gettooltip_test" time="13.241"/>
</testsuite> <!-- com.inet.practice.testCases.ToolTipTest -->
