<?xml version="1.0" encoding="UTF-8"?>
<!-- Generated by org.testng.reporters.JUnitReportReporter -->
<testsuite hostname="TIBCO-R913PSR4" failures="0" tests="1" name="com.inet.practice.testCases.GoogleSearchTest" time="9.428" errors="0" timestamp="14 Nov 2023 06:52:00 GMT">
  <testcase classname="com.inet.practice.testCases.GoogleSearchTest" name="test1" time="9.428"/>
</testsuite> <!-- com.inet.practice.testCases.GoogleSearchTest -->
